build/app/intermediates/manifest_merge_blame_file/release/manifest-merger-blame-release-report.txt
1<?xml version="1.0" encoding="utf-8"?>
2<manifest xmlns:android="http://schemas.android.com/apk/res/android"
3    package="com.example.Penginapan_Takengon"
4    android:versionCode="1"
5    android:versionName="1.0.0" >
6
7    <uses-sdk
8        android:minSdkVersion="21"
8-->src\main\AndroidManifest.xml
9        android:targetSdkVersion="30" />
9-->src\main\AndroidManifest.xml
10
11    <uses-permission android:name="android.permission.READ_EXTERNAL_STORAGE" />
11-->src\main\AndroidManifest.xml:3:5-81
11-->src\main\AndroidManifest.xml:3:22-79
12    <uses-permission android:name="android.permission.ACCESS_FINE_LOCATION" />
12-->src\main\AndroidManifest.xml:50:5-79
12-->src\main\AndroidManifest.xml:50:22-76
13    <uses-permission android:name="android.permission.ACCESS_COARSE_LOCATION" />
13-->src\main\AndroidManifest.xml:51:5-81
13-->src\main\AndroidManifest.xml:51:22-78
14
15    <queries>
15-->src\main\AndroidManifest.xml:52:5-54:13
16        <package android:name="com.google.android.apps.maps" />
16-->src\main\AndroidManifest.xml:53:5-60
16-->src\main\AndroidManifest.xml:53:14-57
17    </queries>
18
19    <uses-permission android:name="android.permission.WRITE_EXTERNAL_STORAGE" /> <!-- Although the *SdkVersion is captured in gradle build files, this is required for non gradle builds -->
19-->[:image_picker] AndroidManifest.xml:8:5-81
19-->[:image_picker] AndroidManifest.xml:8:22-78
20    <!-- <uses-sdk android:minSdkVersion="14"/> -->
21    <uses-permission android:name="android.permission.ACCESS_NETWORK_STATE" />
21-->[com.google.firebase:firebase-storage:19.2.1] AndroidManifest.xml:26:5-79
21-->[com.google.firebase:firebase-storage:19.2.1] AndroidManifest.xml:26:22-76
22    <uses-permission android:name="android.permission.INTERNET" />
22-->[com.google.firebase:firebase-storage:19.2.1] AndroidManifest.xml:27:5-67
22-->[com.google.firebase:firebase-storage:19.2.1] AndroidManifest.xml:27:22-64
23
24    <uses-feature
24-->[com.google.android.gms:play-services-maps:17.0.0] AndroidManifest.xml:26:5-28:35
25        android:glEsVersion="0x00020000"
25-->[com.google.android.gms:play-services-maps:17.0.0] AndroidManifest.xml:27:9-41
26        android:required="true" />
26-->[com.google.android.gms:play-services-maps:17.0.0] AndroidManifest.xml:28:9-32
27    <!--
28 io.flutter.app.FlutterApplication is an android.app.Application that
29         calls FlutterMain.startInitialization(this); in its onCreate method.
30         In most cases you can leave this as-is, but you if you want to provide
31         additional functionality it is fine to subclass or reimplement
32         FlutterApplication and put your custom class here.
33    -->
34    <application
34-->src\main\AndroidManifest.xml:9:5-49:19
35        android:name="io.flutter.app.FlutterApplication"
35-->src\main\AndroidManifest.xml:10:9-57
36        android:appComponentFactory="androidx.core.app.CoreComponentFactory"
36-->[androidx.core:core:1.1.0] AndroidManifest.xml:24:18-86
37        android:icon="@mipmap/ic_launcher"
37-->src\main\AndroidManifest.xml:12:9-43
38        android:label="Penginapan_Takengon" >
38-->src\main\AndroidManifest.xml:11:9-44
39        <activity
39-->src\main\AndroidManifest.xml:13:9-41:20
40            android:name="com.example.Penginapan_Takengon.MainActivity"
40-->src\main\AndroidManifest.xml:14:13-41
41            android:configChanges="orientation|keyboardHidden|keyboard|screenSize|smallestScreenSize|locale|layoutDirection|fontScale|screenLayout|density|uiMode"
41-->src\main\AndroidManifest.xml:17:13-163
42            android:hardwareAccelerated="true"
42-->src\main\AndroidManifest.xml:18:13-47
43            android:launchMode="singleTop"
43-->src\main\AndroidManifest.xml:15:13-43
44            android:theme="@style/LaunchTheme"
44-->src\main\AndroidManifest.xml:16:13-47
45            android:windowSoftInputMode="adjustResize" >
45-->src\main\AndroidManifest.xml:19:13-55
46
47            <!--
48                 Specifies an Android theme to apply to this Activity as soon as
49                 the Android process has started. This theme is visible to the user
50                 while the Flutter UI initializes. After that, this theme continues
51                 to determine the Window background behind the Flutter UI.
52            -->
53            <meta-data
53-->src\main\AndroidManifest.xml:24:13-27:17
54                android:name="io.flutter.embedding.android.NormalTheme"
54-->src\main\AndroidManifest.xml:25:15-70
55                android:resource="@style/NormalTheme" />
55-->src\main\AndroidManifest.xml:26:15-52
56            <!--
57                 Displays an Android View that continues showing the launch screen
58                 Drawable until Flutter paints its first frame, then this splash
59                 screen fades out. A splash screen is useful to avoid any visual
60                 gap between the end of Android's launch screen and the painting of
61                 Flutter's first frame.
62            -->
63            <meta-data
63-->src\main\AndroidManifest.xml:33:13-36:17
64                android:name="io.flutter.embedding.android.SplashScreenDrawable"
64-->src\main\AndroidManifest.xml:34:15-79
65                android:resource="@drawable/launch_background" />
65-->src\main\AndroidManifest.xml:35:15-61
66
67            <intent-filter>
67-->src\main\AndroidManifest.xml:37:13-40:29
68                <action android:name="android.intent.action.MAIN" />
68-->src\main\AndroidManifest.xml:38:17-68
68-->src\main\AndroidManifest.xml:38:25-66
69
70                <category android:name="android.intent.category.LAUNCHER" />
70-->src\main\AndroidManifest.xml:39:17-76
70-->src\main\AndroidManifest.xml:39:27-74
71            </intent-filter>
72        </activity>
73        <!--
74             Don't delete the meta-data below.
75             This is used by the Flutter tool to generate GeneratedPluginRegistrant.java
76        -->
77        <meta-data
77-->src\main\AndroidManifest.xml:44:9-46:33
78            android:name="flutterEmbedding"
78-->src\main\AndroidManifest.xml:45:13-44
79            android:value="2" />
79-->src\main\AndroidManifest.xml:46:13-30
80        <meta-data
80-->src\main\AndroidManifest.xml:47:9-48:73
81            android:name="com.google.android.geo.API_KEY"
81-->src\main\AndroidManifest.xml:47:20-65
82            android:value="AIzaSyB63tXKjGr0fAxxeZIckPMojJbdnubIGDk" />
82-->src\main\AndroidManifest.xml:48:16-71
83
84        <service
84-->[:firebase_storage] AndroidManifest.xml:8:9-12:19
85            android:name="com.google.firebase.components.ComponentDiscoveryService"
85-->[:firebase_storage] AndroidManifest.xml:8:18-89
86            android:directBootAware="true"
86-->[com.google.firebase:firebase-common:19.5.0] AndroidManifest.xml:35:13-43
87            android:exported="false" >
87-->[com.google.firebase:firebase-storage:19.2.1] AndroidManifest.xml:32:13-37
88            <meta-data
88-->[:firebase_storage] AndroidManifest.xml:9:13-11:85
89                android:name="com.google.firebase.components:io.flutter.plugins.firebase.storage.FlutterFirebaseAppRegistrar"
89-->[:firebase_storage] AndroidManifest.xml:10:17-126
90                android:value="com.google.firebase.components.ComponentRegistrar" />
90-->[:firebase_storage] AndroidManifest.xml:11:17-82
91            <meta-data
91-->[:cloud_firestore] AndroidManifest.xml:9:13-11:85
92                android:name="com.google.firebase.components:io.flutter.plugins.firebase.firestore.FlutterFirebaseFirestoreRegistrar"
92-->[:cloud_firestore] AndroidManifest.xml:10:17-134
93                android:value="com.google.firebase.components.ComponentRegistrar" />
93-->[:cloud_firestore] AndroidManifest.xml:11:17-82
94            <meta-data
94-->[:firebase_auth] AndroidManifest.xml:9:13-11:85
95                android:name="com.google.firebase.components:io.flutter.plugins.firebase.auth.FlutterFirebaseAuthRegistrar"
95-->[:firebase_auth] AndroidManifest.xml:10:17-124
96                android:value="com.google.firebase.components.ComponentRegistrar" />
96-->[:firebase_auth] AndroidManifest.xml:11:17-82
97            <meta-data
97-->[:firebase_core] AndroidManifest.xml:9:13-11:85
98                android:name="com.google.firebase.components:io.flutter.plugins.firebase.core.FlutterFirebaseCoreRegistrar"
98-->[:firebase_core] AndroidManifest.xml:10:17-124
99                android:value="com.google.firebase.components.ComponentRegistrar" />
99-->[:firebase_core] AndroidManifest.xml:11:17-82
100            <meta-data
100-->[com.google.firebase:firebase-storage:19.2.1] AndroidManifest.xml:33:13-35:85
101                android:name="com.google.firebase.components:com.google.firebase.storage.StorageRegistrar"
101-->[com.google.firebase:firebase-storage:19.2.1] AndroidManifest.xml:34:17-107
102                android:value="com.google.firebase.components.ComponentRegistrar" />
102-->[com.google.firebase:firebase-storage:19.2.1] AndroidManifest.xml:35:17-82
103            <meta-data
103-->[com.google.firebase:firebase-firestore:22.1.1] AndroidManifest.xml:20:13-22:85
104                android:name="com.google.firebase.components:com.google.firebase.firestore.FirestoreRegistrar"
104-->[com.google.firebase:firebase-firestore:22.1.1] AndroidManifest.xml:21:17-111
105                android:value="com.google.firebase.components.ComponentRegistrar" />
105-->[com.google.firebase:firebase-firestore:22.1.1] AndroidManifest.xml:22:17-82
106            <meta-data
106-->[com.google.firebase:firebase-auth:20.0.3] AndroidManifest.xml:77:13-79:85
107                android:name="com.google.firebase.components:com.google.firebase.auth.FirebaseAuthRegistrar"
107-->[com.google.firebase:firebase-auth:20.0.3] AndroidManifest.xml:78:17-109
108                android:value="com.google.firebase.components.ComponentRegistrar" />
108-->[com.google.firebase:firebase-auth:20.0.3] AndroidManifest.xml:79:17-82
109            <!--
110                This registrar is not defined in the dynamic-module-support sdk itself to allow non-firebase
111                clients to use it as well, by defining this registrar in their own core/common library.
112            -->
113            <meta-data
113-->[com.google.firebase:firebase-common:19.5.0] AndroidManifest.xml:43:13-45:85
114                android:name="com.google.firebase.components:com.google.firebase.dynamicloading.DynamicLoadingRegistrar"
114-->[com.google.firebase:firebase-common:19.5.0] AndroidManifest.xml:44:17-121
115                android:value="com.google.firebase.components.ComponentRegistrar" />
115-->[com.google.firebase:firebase-common:19.5.0] AndroidManifest.xml:45:17-82
116        </service>
117
118        <provider
118-->[:image_picker] AndroidManifest.xml:11:9-19:20
119            android:name="io.flutter.plugins.imagepicker.ImagePickerFileProvider"
119-->[:image_picker] AndroidManifest.xml:12:13-82
120            android:authorities="com.example.Penginapan_Takengon.flutter.image_provider"
120-->[:image_picker] AndroidManifest.xml:13:13-74
121            android:exported="false"
121-->[:image_picker] AndroidManifest.xml:14:13-37
122            android:grantUriPermissions="true" >
122-->[:image_picker] AndroidManifest.xml:15:13-47
123            <meta-data
123-->[:image_picker] AndroidManifest.xml:16:13-18:75
124                android:name="android.support.FILE_PROVIDER_PATHS"
124-->[:image_picker] AndroidManifest.xml:17:17-67
125                android:resource="@xml/flutter_image_picker_file_paths" />
125-->[:image_picker] AndroidManifest.xml:18:17-72
126        </provider> <!-- Needs to be explicitly declared on P+ -->
127        <uses-library
127-->[com.google.android.gms:play-services-maps:17.0.0] AndroidManifest.xml:33:9-35:40
128            android:name="org.apache.http.legacy"
128-->[com.google.android.gms:play-services-maps:17.0.0] AndroidManifest.xml:34:13-50
129            android:required="false" />
129-->[com.google.android.gms:play-services-maps:17.0.0] AndroidManifest.xml:35:13-37
130
131        <activity
131-->[com.google.firebase:firebase-auth:20.0.3] AndroidManifest.xml:27:9-44:20
132            android:name="com.google.firebase.auth.internal.GenericIdpActivity"
132-->[com.google.firebase:firebase-auth:20.0.3] AndroidManifest.xml:28:13-80
133            android:excludeFromRecents="true"
133-->[com.google.firebase:firebase-auth:20.0.3] AndroidManifest.xml:29:13-46
134            android:exported="true"
134-->[com.google.firebase:firebase-auth:20.0.3] AndroidManifest.xml:30:13-36
135            android:launchMode="singleTask"
135-->[com.google.firebase:firebase-auth:20.0.3] AndroidManifest.xml:31:13-44
136            android:theme="@android:style/Theme.Translucent.NoTitleBar" >
136-->[com.google.firebase:firebase-auth:20.0.3] AndroidManifest.xml:32:13-72
137            <intent-filter>
137-->[com.google.firebase:firebase-auth:20.0.3] AndroidManifest.xml:33:13-43:29
138                <action android:name="android.intent.action.VIEW" />
138-->[com.google.firebase:firebase-auth:20.0.3] AndroidManifest.xml:34:17-69
138-->[com.google.firebase:firebase-auth:20.0.3] AndroidManifest.xml:34:25-66
139
140                <category android:name="android.intent.category.DEFAULT" />
140-->[com.google.firebase:firebase-auth:20.0.3] AndroidManifest.xml:36:17-76
140-->[com.google.firebase:firebase-auth:20.0.3] AndroidManifest.xml:36:27-73
141                <category android:name="android.intent.category.BROWSABLE" />
141-->[com.google.firebase:firebase-auth:20.0.3] AndroidManifest.xml:37:17-78
141-->[com.google.firebase:firebase-auth:20.0.3] AndroidManifest.xml:37:27-75
142
143                <data
143-->[com.google.firebase:firebase-auth:20.0.3] AndroidManifest.xml:39:17-42:51
144                    android:host="firebase.auth"
144-->[com.google.firebase:firebase-auth:20.0.3] AndroidManifest.xml:40:21-49
145                    android:path="/"
145-->[com.google.firebase:firebase-auth:20.0.3] AndroidManifest.xml:41:21-37
146                    android:scheme="genericidp" />
146-->[com.google.firebase:firebase-auth:20.0.3] AndroidManifest.xml:42:21-48
147            </intent-filter>
148        </activity>
149        <activity
149-->[com.google.firebase:firebase-auth:20.0.3] AndroidManifest.xml:45:9-62:20
150            android:name="com.google.firebase.auth.internal.RecaptchaActivity"
150-->[com.google.firebase:firebase-auth:20.0.3] AndroidManifest.xml:46:13-79
151            android:excludeFromRecents="true"
151-->[com.google.firebase:firebase-auth:20.0.3] AndroidManifest.xml:47:13-46
152            android:exported="true"
152-->[com.google.firebase:firebase-auth:20.0.3] AndroidManifest.xml:48:13-36
153            android:launchMode="singleTask"
153-->[com.google.firebase:firebase-auth:20.0.3] AndroidManifest.xml:49:13-44
154            android:theme="@android:style/Theme.Translucent.NoTitleBar" >
154-->[com.google.firebase:firebase-auth:20.0.3] AndroidManifest.xml:50:13-72
155            <intent-filter>
155-->[com.google.firebase:firebase-auth:20.0.3] AndroidManifest.xml:51:13-61:29
156                <action android:name="android.intent.action.VIEW" />
156-->[com.google.firebase:firebase-auth:20.0.3] AndroidManifest.xml:34:17-69
156-->[com.google.firebase:firebase-auth:20.0.3] AndroidManifest.xml:34:25-66
157
158                <category android:name="android.intent.category.DEFAULT" />
158-->[com.google.firebase:firebase-auth:20.0.3] AndroidManifest.xml:36:17-76
158-->[com.google.firebase:firebase-auth:20.0.3] AndroidManifest.xml:36:27-73
159                <category android:name="android.intent.category.BROWSABLE" />
159-->[com.google.firebase:firebase-auth:20.0.3] AndroidManifest.xml:37:17-78
159-->[com.google.firebase:firebase-auth:20.0.3] AndroidManifest.xml:37:27-75
160
161                <data
161-->[com.google.firebase:firebase-auth:20.0.3] AndroidManifest.xml:39:17-42:51
162                    android:host="firebase.auth"
162-->[com.google.firebase:firebase-auth:20.0.3] AndroidManifest.xml:40:21-49
163                    android:path="/"
163-->[com.google.firebase:firebase-auth:20.0.3] AndroidManifest.xml:41:21-37
164                    android:scheme="recaptcha" />
164-->[com.google.firebase:firebase-auth:20.0.3] AndroidManifest.xml:42:21-48
165            </intent-filter>
166        </activity>
167
168        <service
168-->[com.google.firebase:firebase-auth:20.0.3] AndroidManifest.xml:64:9-73:19
169            android:name="com.google.firebase.auth.api.fallback.service.FirebaseAuthFallbackService"
169-->[com.google.firebase:firebase-auth:20.0.3] AndroidManifest.xml:65:13-101
170            android:enabled="true"
170-->[com.google.firebase:firebase-auth:20.0.3] AndroidManifest.xml:66:13-35
171            android:exported="false" >
171-->[com.google.firebase:firebase-auth:20.0.3] AndroidManifest.xml:67:13-37
172            <intent-filter>
172-->[com.google.firebase:firebase-auth:20.0.3] AndroidManifest.xml:68:13-72:29
173                <action android:name="com.google.firebase.auth.api.gms.service.START" />
173-->[com.google.firebase:firebase-auth:20.0.3] AndroidManifest.xml:69:17-89
173-->[com.google.firebase:firebase-auth:20.0.3] AndroidManifest.xml:69:25-86
174
175                <category android:name="android.intent.category.DEFAULT" />
175-->[com.google.firebase:firebase-auth:20.0.3] AndroidManifest.xml:36:17-76
175-->[com.google.firebase:firebase-auth:20.0.3] AndroidManifest.xml:36:27-73
176            </intent-filter>
177        </service>
178
179        <activity
179-->[com.google.android.gms:play-services-base:17.1.0] AndroidManifest.xml:23:9-26:75
180            android:name="com.google.android.gms.common.api.GoogleApiActivity"
180-->[com.google.android.gms:play-services-base:17.1.0] AndroidManifest.xml:24:13-79
181            android:exported="false"
181-->[com.google.android.gms:play-services-base:17.1.0] AndroidManifest.xml:25:13-37
182            android:theme="@android:style/Theme.Translucent.NoTitleBar" />
182-->[com.google.android.gms:play-services-base:17.1.0] AndroidManifest.xml:26:13-72
183
184        <provider
184-->[com.google.firebase:firebase-common:19.5.0] AndroidManifest.xml:26:9-31:39
185            android:name="com.google.firebase.provider.FirebaseInitProvider"
185-->[com.google.firebase:firebase-common:19.5.0] AndroidManifest.xml:27:13-77
186            android:authorities="com.example.Penginapan_Takengon.firebaseinitprovider"
186-->[com.google.firebase:firebase-common:19.5.0] AndroidManifest.xml:28:13-72
187            android:directBootAware="true"
187-->[com.google.firebase:firebase-common:19.5.0] AndroidManifest.xml:29:13-43
188            android:exported="false"
188-->[com.google.firebase:firebase-common:19.5.0] AndroidManifest.xml:30:13-37
189            android:initOrder="100" />
189-->[com.google.firebase:firebase-common:19.5.0] AndroidManifest.xml:31:13-36
190
191        <meta-data
191-->[com.google.android.gms:play-services-basement:17.1.0] AndroidManifest.xml:23:9-25:69
192            android:name="com.google.android.gms.version"
192-->[com.google.android.gms:play-services-basement:17.1.0] AndroidManifest.xml:24:13-58
193            android:value="@integer/google_play_services_version" />
193-->[com.google.android.gms:play-services-basement:17.1.0] AndroidManifest.xml:25:13-66
194    </application>
195
196</manifest>